<?xml version="1.0" encoding="UTF-8"?>
<testsuite name="hello.TestGreeter" tests="3" skipped="0" failures="0" errors="0" timestamp="2017-04-23T22:24:50" hostname="ggrid" time="0.004">
  <properties/>
  <testcase name="newtestgbgGreeterPass" classname="hello.TestGreeter" time="0.002"/>
  <testcase name="testGreeter" classname="hello.TestGreeter" time="0.001"/>
  <testcase name="testGreeterEmpty" classname="hello.TestGreeter" time="0.0"/>
  <system-out><![CDATA[]]></system-out>
  <system-err><![CDATA[]]></system-err>
</testsuite>
